#
# There is insufficient memory for the Java Runtime Environment to continue.
# Native memory allocation (mmap) failed to map 264241152 bytes. Error detail: G1 virtual space
# Possible reasons:
#   The system is out of physical RAM or swap space
#   This process is running with CompressedOops enabled, and the Java Heap may be blocking the growth of the native heap
# Possible solutions:
#   Reduce memory load on the system
#   Increase physical memory or swap space
#   Check if swap backing store is full
#   Decrease Java heap size (-Xmx/-Xms)
#   Decrease number of Java threads
#   Decrease Java thread stack sizes (-Xss)
#   Set larger code cache with -XX:ReservedCodeCacheSize=
#   JVM is running with Zero Based Compressed Oops mode in which the Java heap is
#     placed in the first 32GB address space. The Java Heap base address is the
#     maximum limit for the native heap growth. Please use -XX:HeapBaseMinAddress
#     to set the Java Heap base and to place the Java Heap above 32GB virtual address.
# This output file may be truncated or incomplete.
#
#  Out of Memory Error (os_windows.cpp:3703), pid=2496, tid=15988
#
# JRE version:  (23.0.1+11) (build )
# Java VM: OpenJDK 64-Bit Server VM (23.0.1+11-39, mixed mode, sharing, tiered, compressed oops, compressed class ptrs, g1 gc, windows-amd64)
# No core dump will be written. Minidumps are not enabled by default on client versions of Windows
#

---------------  S U M M A R Y ------------

Command Line: -javaagent:C:\Program Files\JetBrains\IntelliJ IDEA Community Edition 2024.3.2\lib\idea_rt.jar=56753:C:\Program Files\JetBrains\IntelliJ IDEA Community Edition 2024.3.2\bin -Dfile.encoding=UTF-8 -Dsun.stdout.encoding=UTF-8 -Dsun.stderr.encoding=UTF-8 com.example.PaymentService.PaymentServiceApplication

Host: 12th Gen Intel(R) Core(TM) i5-12500H, 16 cores, 15G,  Windows 11 , 64 bit Build 26100 (10.0.26100.7309)
Time: Sat Dec 20 16:47:29 2025  Windows 11 , 64 bit Build 26100 (10.0.26100.7309) elapsed time: 1.064546 seconds (0d 0h 0m 1s)

---------------  T H R E A D  ---------------

Current thread (0x0000011dfb141410):  JavaThread "Unknown thread" [_thread_in_vm, id=15988, stack(0x0000001145100000,0x0000001145200000) (1024K)]

Stack: [0x0000001145100000,0x0000001145200000]
Native frames: (J=compiled Java code, j=interpreted, Vv=VM code, C=native code)
V  [jvm.dll+0x6e08b9]  (no source info available)
V  [jvm.dll+0x87dc83]  (no source info available)
V  [jvm.dll+0x88010e]  (no source info available)
V  [jvm.dll+0x8807e3]  (no source info available)
V  [jvm.dll+0x27aee6]  (no source info available)
V  [jvm.dll+0x6dd1c5]  (no source info available)
V  [jvm.dll+0x6d104a]  (no source info available)
V  [jvm.dll+0x35b3ea]  (no source info available)
V  [jvm.dll+0x3637f6]  (no source info available)
V  [jvm.dll+0x34fd5e]  (no source info available)
V  [jvm.dll+0x34fff8]  (no source info available)
V  [jvm.dll+0x3289cc]  (no source info available)
V  [jvm.dll+0x32966e]  (no source info available)
V  [jvm.dll+0x844355]  (no source info available)
V  [jvm.dll+0x3b9848]  (no source info available)
V  [jvm.dll+0x82d14c]  (no source info available)
V  [jvm.dll+0x454d4e]  (no source info available)
V  [jvm.dll+0x456bd1]  (no source info available)
C  [jli.dll+0x52a3]  (no source info available)
C  [ucrtbase.dll+0x37b0]  (no source info available)
C  [KERNEL32.DLL+0x2e8d7]  (no source info available)
C  [ntdll.dll+0x8c53c]  (no source info available)

Lock stack of current Java thread (top to bottom):


---------------  P R O C E S S  ---------------

Threads class SMR info:
_java_thread_list=0x00007ff8f5313618, length=0, elements={
}

Java Threads: ( => current thread )
Total: 0

Other Threads:
  0x0000011dfd6714f0 WorkerThread "GC Thread#0"                     [id=9224, stack(0x0000001145200000,0x0000001145300000) (1024K)]
  0x0000011dfd685f50 ConcurrentGCThread "G1 Main Marker"            [id=10256, stack(0x0000001145300000,0x0000001145400000) (1024K)]
  0x0000011dfd6878e0 WorkerThread "G1 Conc#0"                       [id=8016, stack(0x0000001145400000,0x0000001145500000) (1024K)]

[error occurred during error reporting (printing all threads), id 0xc0000005, EXCEPTION_ACCESS_VIOLATION (0xc0000005) at pc=0x00007ff8f4a5bfba]
VM state: not at safepoint (not fully initialized)

VM Mutex/Monitor currently owned by a thread:  ([mutex/lock_event])
[0x00007ff8f5393a10] Heap_lock - owner thread: 0x0000011dfb141410

Heap address: 0x0000000704c00000, size: 4020 MB, Compressed Oops mode: Zero based, Oop shift amount: 3

CDS archive(s) mapped at: [0x0000000000000000-0x0000000000000000-0x0000000000000000), size 0, SharedBaseAddress: 0x0000000800000000, ArchiveRelocationMode: 1.
Narrow klass base: 0x0000000000000000, Narrow klass shift: 0, Narrow klass range: 0x0

GC Precious Log:
 CardTable entry size: 512
 Card Set container configuration: InlinePtr #cards 4 size 8 Array Of Cards #cards 16 size 48 Howl #buckets 8 coarsen threshold 3686 Howl Bitmap #cards 512 size 80 coarsen threshold 460 Card regions per heap region 1 cards per card region 4096

Heap:
 garbage-first heap   total reserved 4116480K, committed 0K, used 0K [0x0000000704c00000, 0x0000000800000000)
  region size 2048K, 0 young (0K), 0 survivors (0K)

[error occurred during error reporting (printing heap information), id 0xc0000005, EXCEPTION_ACCESS_VIOLATION (0xc0000005) at pc=0x00007ff8f4e5c3c9]
GC Heap History (0 events):
No events

Dll operation events (1 events):
Event: 0.011 Loaded shared library C:\Users\2005p\.jdks\openjdk-23.0.1\bin\java.dll

Deoptimization events (0 events):
No events

Classes loaded (0 events):
No events

Classes unloaded (0 events):
No events

Classes redefined (0 events):
No events

Internal exceptions (0 events):
No events

VM Operations (0 events):
No events

Memory protections (0 events):
No events

Nmethod flushes (0 events):
No events

Events (0 events):
No events


Dynamic libraries:
0x00007ff6e7250000 - 0x00007ff6e725e000 	C:\Users\2005p\.jdks\openjdk-23.0.1\bin\java.exe
0x00007ff97be60000 - 0x00007ff97c0c7000 	C:\WINDOWS\SYSTEM32\ntdll.dll
0x00007ff97ad50000 - 0x00007ff97ae19000 	C:\WINDOWS\System32\KERNEL32.DLL
0x00007ff979130000 - 0x00007ff97951f000 	C:\WINDOWS\System32\KERNELBASE.dll
0x00007ff979ab0000 - 0x00007ff979bfb000 	C:\WINDOWS\System32\ucrtbase.dll
0x00007ff94e740000 - 0x00007ff94e757000 	C:\Users\2005p\.jdks\openjdk-23.0.1\bin\jli.dll
0x00007ff97b0a0000 - 0x00007ff97b265000 	C:\WINDOWS\System32\USER32.dll
0x00007ff979530000 - 0x00007ff979557000 	C:\WINDOWS\System32\win32u.dll
0x00007ff960a40000 - 0x00007ff960cd3000 	C:\WINDOWS\WinSxS\amd64_microsoft.windows.common-controls_6595b64144ccf1df_6.0.26100.7309_none_3e05feeae336a044\COMCTL32.dll
0x00007ff97b540000 - 0x00007ff97b56b000 	C:\WINDOWS\System32\GDI32.dll
0x00007ff97b480000 - 0x00007ff97b529000 	C:\WINDOWS\System32\msvcrt.dll
0x00007ff979980000 - 0x00007ff979aac000 	C:\WINDOWS\System32\gdi32full.dll
0x00007ff9796d0000 - 0x00007ff979773000 	C:\WINDOWS\System32\msvcp_win.dll
0x00007ff94dae0000 - 0x00007ff94dafb000 	C:\Users\2005p\.jdks\openjdk-23.0.1\bin\VCRUNTIME140.dll
0x00007ff97b270000 - 0x00007ff97b2a1000 	C:\WINDOWS\System32\IMM32.DLL
0x00007ff9758c0000 - 0x00007ff9758cc000 	C:\Users\2005p\.jdks\openjdk-23.0.1\bin\vcruntime140_1.dll
0x00007ff933f80000 - 0x00007ff93400e000 	C:\Users\2005p\.jdks\openjdk-23.0.1\bin\msvcp140.dll
0x00007ff8f4720000 - 0x00007ff8f546f000 	C:\Users\2005p\.jdks\openjdk-23.0.1\bin\server\jvm.dll
0x00007ff97b5e0000 - 0x00007ff97b694000 	C:\WINDOWS\System32\ADVAPI32.dll
0x00007ff97a9c0000 - 0x00007ff97aa66000 	C:\WINDOWS\System32\sechost.dll
0x00007ff97a330000 - 0x00007ff97a448000 	C:\WINDOWS\System32\RPCRT4.dll
0x00007ff979c80000 - 0x00007ff979cf4000 	C:\WINDOWS\System32\WS2_32.dll
0x00007ff978e10000 - 0x00007ff978e6e000 	C:\WINDOWS\SYSTEM32\POWRPROF.dll
0x00007ff96e0e0000 - 0x00007ff96e115000 	C:\WINDOWS\SYSTEM32\WINMM.dll
0x00007ff961a00000 - 0x00007ff961a0b000 	C:\WINDOWS\SYSTEM32\VERSION.dll
0x00007ff978df0000 - 0x00007ff978e04000 	C:\WINDOWS\SYSTEM32\UMPDC.dll
0x00007ff977d20000 - 0x00007ff977d3b000 	C:\WINDOWS\SYSTEM32\kernel.appcore.dll
0x00007ff966f10000 - 0x00007ff966f1a000 	C:\Users\2005p\.jdks\openjdk-23.0.1\bin\jimage.dll
0x00007ff9766a0000 - 0x00007ff9768e2000 	C:\WINDOWS\SYSTEM32\DBGHELP.DLL
0x00007ff979d10000 - 0x00007ff97a095000 	C:\WINDOWS\System32\combase.dll
0x00007ff97a450000 - 0x00007ff97a526000 	C:\WINDOWS\System32\OLEAUT32.dll
0x00007ff962a00000 - 0x00007ff962a3c000 	C:\WINDOWS\SYSTEM32\dbgcore.DLL
0x00007ff979620000 - 0x00007ff9796c5000 	C:\WINDOWS\System32\bcryptPrimitives.dll
0x00007ff975960000 - 0x00007ff97596f000 	C:\Users\2005p\.jdks\openjdk-23.0.1\bin\instrument.dll
0x00007ff94dac0000 - 0x00007ff94dade000 	C:\Users\2005p\.jdks\openjdk-23.0.1\bin\java.dll
0x00007ff97b2e0000 - 0x00007ff97b477000 	C:\WINDOWS\System32\ole32.dll
0x00007ff97b6b0000 - 0x00007ff97be03000 	C:\WINDOWS\System32\SHELL32.dll
0x00007ff979810000 - 0x00007ff97997a000 	C:\WINDOWS\System32\wintypes.dll

dbghelp: loaded successfully - version: 4.0.5 - missing functions: none
symbol engine: initialized successfully - sym options: 0x614 - pdb path: .;C:\Users\2005p\.jdks\openjdk-23.0.1\bin;C:\WINDOWS\SYSTEM32;C:\WINDOWS\WinSxS\amd64_microsoft.windows.common-controls_6595b64144ccf1df_6.0.26100.7309_none_3e05feeae336a044;C:\Users\2005p\.jdks\openjdk-23.0.1\bin\server

VM Arguments:
jvm_args: -javaagent:C:\Program Files\JetBrains\IntelliJ IDEA Community Edition 2024.3.2\lib\idea_rt.jar=56753:C:\Program Files\JetBrains\IntelliJ IDEA Community Edition 2024.3.2\bin -Dfile.encoding=UTF-8 -Dsun.stdout.encoding=UTF-8 -Dsun.stderr.encoding=UTF-8 
java_command: com.example.PaymentService.PaymentServiceApplication
java_class_path (initial): D:\projects\PaymentService\target\classes;C:\Users\2005p\.m2\repository\org\springframework\boot\spring-boot-starter-data-mongodb\3.5.9\spring-boot-starter-data-mongodb-3.5.9.jar;C:\Users\2005p\.m2\repository\org\springframework\boot\spring-boot-starter\3.5.9\spring-boot-starter-3.5.9.jar;C:\Users\2005p\.m2\repository\org\springframework\boot\spring-boot\3.5.9\spring-boot-3.5.9.jar;C:\Users\2005p\.m2\repository\org\springframework\boot\spring-boot-autoconfigure\3.5.9\spring-boot-autoconfigure-3.5.9.jar;C:\Users\2005p\.m2\repository\org\springframework\boot\spring-boot-starter-logging\3.5.9\spring-boot-starter-logging-3.5.9.jar;C:\Users\2005p\.m2\repository\ch\qos\logback\logback-classic\1.5.22\logback-classic-1.5.22.jar;C:\Users\2005p\.m2\repository\ch\qos\logback\logback-core\1.5.22\logback-core-1.5.22.jar;C:\Users\2005p\.m2\repository\org\apache\logging\log4j\log4j-to-slf4j\2.24.3\log4j-to-slf4j-2.24.3.jar;C:\Users\2005p\.m2\repository\org\apache\logging\log4j\log4j-api\2.24.3\log4j-api-2.24.3.jar;C:\Users\2005p\.m2\repository\org\slf4j\jul-to-slf4j\2.0.17\jul-to-slf4j-2.0.17.jar;C:\Users\2005p\.m2\repository\jakarta\annotation\jakarta.annotation-api\2.1.1\jakarta.annotation-api-2.1.1.jar;C:\Users\2005p\.m2\repository\org\mongodb\mongodb-driver-sync\5.5.2\mongodb-driver-sync-5.5.2.jar;C:\Users\2005p\.m2\repository\org\mongodb\bson\5.5.2\bson-5.5.2.jar;C:\Users\2005p\.m2\repository\org\mongodb\mongodb-driver-core\5.5.2\mongodb-driver-core-5.5.2.jar;C:\Users\2005p\.m2\repository\org\mongodb\bson-record-codec\5.5.2\bson-record-codec-5.5.2.jar;C:\Users\2005p\.m2\repository\org\springframework\data\spring-data-mongodb\4.5.7\spring-data-mongodb-4.5.7.jar;C:\Users\2005p\.m2\repository\org\springframework\spring-tx\6.2.15\spring-tx-6.2.15.jar;C:\Users\2005p\.m2\repository\org\springframework\spring-context\6.2.15\spring-context-6.2.15.jar;C:\Users\2005p\.m2\repository\org\springframework\spring-beans\6.2.15\spring-beans-6.2.15.jar;C:\Users\2005p\.m2\repository\org\springframework\spring-expression\6.2.15\spring-expression-6.2.15.jar;C:\Users\2005p\.m2\repository\org\springframework\data\spring-data-commons\3.5.7\spring-data-commons-3.5.7.jar;C:\Users\2005p\.m2\repository\org\slf4j\slf4j-api\2.0.17\slf4j-api-2.0.17.jar;C:\Users\2005p\.m2\repository\org\springframework\boot\spring-boot-starter-validation\3.5.9\spring-boot-starter-validation-3.5.9.jar;C:\Users\2005p\.m2\repository\org\apache\tomcat\embed\tomcat-embed-el\10.1.50\tomcat-embed-el-10.1.50.jar;C:\Users\2005p\.m2\repository\org\hibernate\validator\hibernate-validator\8.0.3.Final\hibernate-validator-8.0.3.Final.jar;C:\Users\2005p\.m2\repository\jakarta\validation\jakarta.validation-api\3.0.2\jakarta.validation-api-3.0.2.jar;C:\Users\2005p\.m2\repository\org\jboss\logging\jboss-logging\3.6.1.Final\jboss-logging-3.6.1.Final.jar;C:\Users\2005p\.m2\repository\com\fasterxml\classmate\1.7.1\classmate-1.7.1.jar;C:\Users\2005p\.m2\repository\org\springframework\boot\spring-boot-starter-web\3.5.9\spring-boot-starter-web-3.5.9.jar;C:\Users\2005p\.m2\repository\org\springframework\boot\spring-boot-starter-json\3.5.9\spring-boot-starter-json-3.5.9.jar;C:\Users\2005p\.m2\repository\com\fasterxml\jackson\datatype\jackson-datatype-jdk8\2.19.4\jackson-datatype-jdk8-2.19.4.jar;C:\Users\2005p\.m2\repository\com\fasterxml\jackson\datatype\jackson-datatype-jsr310\2.19.4\jackson-datatype-jsr310-2.19.4.jar;C:\Users\2005p\.m2\repository\com\fasterxml\jackson\module\jackson-module-parameter-names\2.19.4\jackson-module-parameter-names-2.19.4.jar;C:\Users\2005p\.m2\repository\org\springframework\boot\spring-boot-starter-tomcat\3.5.9\spring-boot-starter-tomcat-3.5.9.jar;C:\Users\2005p\.m2\repository\org\apache\tomcat\embed\tomcat-embed-core\10.1.50\tomcat-embed-core-10.1.50.jar;C:\Users\2005p\.m2\repository\org\apache\tomcat\embed\tomcat-embed-websocket\10.1.50\tomcat-embed-websocket-10.1.50.jar;C:\Users\2005p\.m2\repository\org\springframework\spring-web\6.2.15\spring-web-6.2.15.jar;C:\Users\2005p\.m2\repository\io\micrometer\micrometer-observation\1.15.7\micrometer-observation-1.15.7.jar;C:\Users\2005p\.m2\repository\io\micrometer\micrometer-commons\1.15.7\micrometer-commons-1.15.7.jar;C:\Users\2005p\.m2\repository\org\springframework\spring-webmvc\6.2.15\spring-webmvc-6.2.15.jar;C:\Users\2005p\.m2\repository\org\springframework\spring-aop\6.2.15\spring-aop-6.2.15.jar;C:\Users\2005p\.m2\repository\org\liquibase\liquibase-core\4.31.1\liquibase-core-4.31.1.jar;C:\Users\2005p\.m2\repository\com\opencsv\opencsv\5.9\opencsv-5.9.jar;C:\Users\2005p\.m2\repository\org\yaml\snakeyaml\2.4\snakeyaml-2.4.jar;C:\Users\2005p\.m2\repository\javax\xml\bind\jaxb-api\2.3.1\jaxb-api-2.3.1.jar;C:\Users\2005p\.m2\repository\org\apache\commons\commons-collections4\4.4\commons-collections4-4.4.jar;C:\Users\2005p\.m2\repository\org\apache\commons\commons-text\1.13.0\commons-text-1.13.0.jar;C:\Users\2005p\.m2\repository\org\apache\commons\commons-lang3\3.17.0\commons-lang3-3.17.0.jar;C:\Users\2005p\.m2\repository\commons-io\commons-io\2.18.0\commons-io-2.18.0.jar;C:\Users\2005p\.m2\repository\com\fasterxml\jackson\core\jackson-databind\2.19.4\jackson-databind-2.19.4.jar;C:\Users\2005p\.m2\repository\com\fasterxml\jackson\core\jackson-annotations\2.19.4\jackson-annotations-2.19.4.jar;C:\Users\2005p\.m2\repository\com\fasterxml\jackson\core\jackson-core\2.19.4\jackson-core-2.19.4.jar;C:\Users\2005p\.m2\repository\org\projectlombok\lombok\1.18.42\lombok-1.18.42.jar;C:\Users\2005p\.m2\repository\org\springframework\spring-core\6.2.15\spring-core-6.2.15.jar;C:\Users\2005p\.m2\repository\org\springframework\spring-jcl\6.2.15\spring-jcl-6.2.15.jar;C:\Users\2005p\.m2\repository\org\mapstruct\mapstruct\1.5.5.Final\mapstruct-1.5.5.Final.jar
Launcher Type: SUN_STANDARD

[Global flags]
     intx CICompilerCount                          = 12                                        {product} {ergonomic}
     uint ConcGCThreads                            = 3                                         {product} {ergonomic}
     uint G1ConcRefinementThreads                  = 13                                        {product} {ergonomic}
   size_t G1HeapRegionSize                         = 2097152                                   {product} {ergonomic}
   size_t InitialHeapSize                          = 264241152                                 {product} {ergonomic}
   size_t MarkStackSize                            = 4194304                                   {product} {ergonomic}
   size_t MarkStackSizeMax                         = 536870912                                 {product} {ergonomic}
   size_t MaxHeapSize                              = 4215275520                                {product} {ergonomic}
   size_t MinHeapDeltaBytes                        = 2097152                                   {product} {ergonomic}
   size_t MinHeapSize                              = 8388608                                   {product} {ergonomic}
    uintx NonNMethodCodeHeapSize                   = 7602176                                {pd product} {ergonomic}
    uintx NonProfiledCodeHeapSize                  = 122093568                              {pd product} {ergonomic}
    uintx ProfiledCodeHeapSize                     = 121962496                              {pd product} {ergonomic}
    uintx ReservedCodeCacheSize                    = 251658240                              {pd product} {ergonomic}
     bool SegmentedCodeCache                       = true                                      {product} {ergonomic}
   size_t SoftMaxHeapSize                          = 4215275520                             {manageable} {ergonomic}
     bool UseCompressedOops                        = true                           {product lp64_product} {ergonomic}
     bool UseG1GC                                  = true                                      {product} {ergonomic}
     bool UseLargePagesIndividualAllocation        = false                                  {pd product} {ergonomic}

Logging:
Log output configuration:
 #0: stdout all=warning uptime,level,tags foldmultilines=false
 #1: stderr all=off uptime,level,tags foldmultilines=false

Environment Variables:
JAVA_HOME=C:\Program Files\Eclipse Adoptium\jdk-21.0.9.10-hotspot
PATH=C:\Program Files\Eclipse Adoptium\jdk-21.0.9.10-hotspot\bin;C:\Program Files\Java\apache-maven-3.9.10\bin;C:\Program Files\Python313\Scripts\;C:\Program Files\Python313\;C:\Program Files\Common Files\Oracle\Java\javapath;C:\Program Files (x86)\Common Files\Oracle\Java\javapath;C:\Windows\system32;C:\Windows;C:\Windows\System32\Wbem;C:\Windows\System32\WindowsPowerShell\v1.0\;C:\Windows\System32\OpenSSH\;C:\Program Files\dotnet\;C:\Program Files (x86)\NVIDIA Corporation\PhysX\Common;C:\Program Files\7-Zip;C:\Program Files\Microsoft SQL Server\150\Tools\Binn\;C:\Program Files\Git\cmd;C:\WINDOWS\system32;C:\WINDOWS;C:\WINDOWS\System32\Wbem;C:\WINDOWS\System32\WindowsPowerShell\v1.0\;C:\WINDOWS\System32\OpenSSH\;C:\Program Files\Docker\Docker\resources\bin;C:\Users\2005p\AppData\Local\Microsoft\WindowsApps;C:\Program Files\JetBrains\IntelliJ IDEA 2024.3.1.1\bin;;C:\Users\2005p\AppData\Local\GitHubDesktop\bin
USERNAME=2005p
OS=Windows_NT
PROCESSOR_IDENTIFIER=Intel64 Family 6 Model 154 Stepping 3, GenuineIntel
TMP=C:\Users\2005p\AppData\Local\Temp
TEMP=C:\Users\2005p\AppData\Local\Temp




Periodic native trim disabled

---------------  S Y S T E M  ---------------

OS:
 Windows 11 , 64 bit Build 26100 (10.0.26100.7309)
OS uptime: 0 days 14:40 hours
Hyper-V role detected

CPU: total 16 (initial active 16) (8 cores per cpu, 2 threads per core) family 6 model 154 stepping 3 microcode 0x419, cx8, cmov, fxsr, ht, mmx, 3dnowpref, sse, sse2, sse3, ssse3, sse4.1, sse4.2, popcnt, lzcnt, tsc, tscinvbit, avx, avx2, aes, erms, clmul, bmi1, bmi2, adx, sha, fma, vzeroupper, clflush, clflushopt, clwb, hv, serialize, rdtscp, rdpid, fsrm, gfni, f16c, cet_ibt, cet_ss
Processor Information for processor 0
  Max Mhz: 2500, Current Mhz: 2500, Mhz Limit: 2500
Processor Information for processor 1
  Max Mhz: 2500, Current Mhz: 2500, Mhz Limit: 2500
Processor Information for processor 2
  Max Mhz: 2500, Current Mhz: 2500, Mhz Limit: 2500
Processor Information for processor 3
  Max Mhz: 2500, Current Mhz: 2500, Mhz Limit: 2500
Processor Information for processor 4
  Max Mhz: 2500, Current Mhz: 2500, Mhz Limit: 2500
Processor Information for processor 5
  Max Mhz: 2500, Current Mhz: 2500, Mhz Limit: 2500
Processor Information for processor 6
  Max Mhz: 2500, Current Mhz: 2500, Mhz Limit: 2500
Processor Information for processor 7
  Max Mhz: 2500, Current Mhz: 2500, Mhz Limit: 2500
Processor Information for processor 8
  Max Mhz: 2500, Current Mhz: 1500, Mhz Limit: 1800
Processor Information for processor 9
  Max Mhz: 2500, Current Mhz: 1500, Mhz Limit: 1800
Processor Information for processor 10
  Max Mhz: 2500, Current Mhz: 1500, Mhz Limit: 1800
Processor Information for processor 11
  Max Mhz: 2500, Current Mhz: 1500, Mhz Limit: 1800
Processor Information for processor 12
  Max Mhz: 2500, Current Mhz: 1800, Mhz Limit: 1800
Processor Information for processor 13
  Max Mhz: 2500, Current Mhz: 1800, Mhz Limit: 1800
Processor Information for processor 14
  Max Mhz: 2500, Current Mhz: 1800, Mhz Limit: 1800
Processor Information for processor 15
  Max Mhz: 2500, Current Mhz: 1800, Mhz Limit: 1800

Memory: 4k page, system-wide physical 16075M (1107M free)
TotalPageFile size 19275M (AvailPageFile size 158M)
current process WorkingSet (physical memory assigned to process): 14M, peak: 14M
current process commit charge ("private bytes"): 71M, peak: 323M

vm_info: OpenJDK 64-Bit Server VM (23.0.1+11-39) for windows-amd64 JRE (23.0.1+11-39), built on 2024-09-30T07:20:43Z with MS VC++ 17.6 (VS2022)

END.
